c:\users\yorke\source\repos\chatserver\bebop\bebop\x64\debug\bebop.pdb
c:\users\yorke\source\repos\chatserver\bebop\bebop\x64\debug\bebop.idb
c:\users\yorke\source\repos\chatserver\bebop\bebop\x64\debug\rectangleobject.obj
c:\users\yorke\source\repos\chatserver\bebop\bebop\x64\debug\object.obj
c:\users\yorke\source\repos\chatserver\bebop\bebop\x64\debug\circleobject.obj
c:\users\yorke\source\repos\chatserver\bebop\bebop\x64\debug\rotationmatrix2d.obj
c:\users\yorke\source\repos\chatserver\bebop\bebop\x64\debug\sinwavemotion.obj
c:\users\yorke\source\repos\chatserver\bebop\bebop\x64\debug\circularmotion.obj
c:\users\yorke\source\repos\chatserver\bebop\bebop\x64\debug\collisionchecker.obj
c:\users\yorke\source\repos\chatserver\bebop\bebop\x64\debug\window.obj
c:\users\yorke\source\repos\chatserver\bebop\bebop\x64\debug\sprite.obj
c:\users\yorke\source\repos\chatserver\bebop\bebop\x64\debug\scene.obj
c:\users\yorke\source\repos\chatserver\bebop\bebop\x64\debug\particle.obj
c:\users\yorke\source\repos\chatserver\bebop\bebop\x64\debug\light.obj
c:\users\yorke\source\repos\chatserver\bebop\bebop\x64\debug\color.obj
c:\users\yorke\source\repos\chatserver\bebop\bebop\x64\debug\animatedsprite.obj
c:\users\yorke\source\repos\chatserver\bebop\bebop\x64\debug\bebop.obj
c:\users\yorke\source\repos\chatserver\bebop\x64\debug\bebop.lib
c:\users\yorke\source\repos\chatserver\bebop\x64\debug\bebop.pdb
c:\users\yorke\source\repos\chatserver\bebop\bebop\x64\debug\bebop.tlog\cl.command.1.tlog
c:\users\yorke\source\repos\chatserver\bebop\bebop\x64\debug\bebop.tlog\cl.read.1.tlog
c:\users\yorke\source\repos\chatserver\bebop\bebop\x64\debug\bebop.tlog\cl.write.1.tlog
c:\users\yorke\source\repos\chatserver\bebop\bebop\x64\debug\bebop.tlog\lib-link.read.1.tlog
c:\users\yorke\source\repos\chatserver\bebop\bebop\x64\debug\bebop.tlog\lib-link.write.1.tlog
c:\users\yorke\source\repos\chatserver\bebop\bebop\x64\debug\bebop.tlog\lib.command.1.tlog
